<?xml version="1.0" encoding="UTF-8"?>
<!-- Generated by org.testng.reporters.JUnitReportReporter -->
<testsuite hostname="IBM-8D1LRM3" failures="0" tests="1" name="handleSync.HandleSyncIssue" time="15.900" errors="0" timestamp="2022-10-26T10:00:21 IST" skipped="0">
  <testcase classname="handleSync.HandleSyncIssue" name="verifyTextBox" time="15.900"/>
  <system-out/>
</testsuite> <!-- handleSync.HandleSyncIssue -->
