<?xml version="1.0" encoding="UTF-8"?>
<!-- Generated by org.testng.reporters.JUnitReportReporter -->
<testsuite hostname="IBM-8D1LRM3" failures="0" tests="1" name="testNGExamples.GoogleTest" time="6.744" errors="0" timestamp="2022-10-25T08:44:03 IST" skipped="0">
  <testcase classname="testNGExamples.GoogleTest" name="verifyLogin" time="6.744"/>
  <system-out/>
</testsuite> <!-- testNGExamples.GoogleTest -->
