<?xml version="1.0" encoding="UTF-8"?>
<!-- Generated by org.testng.reporters.JUnitReportReporter -->
<testsuite hostname="IBM-8D1LRM3" failures="0" tests="1" name="xpathAxises.Hyrtutorials_xpath_example2" time="6.376" errors="0" timestamp="2022-10-28T09:03:35 IST" skipped="0">
  <testcase classname="xpathAxises.Hyrtutorials_xpath_example2" name="verifySeeMoreTest" time="6.376"/>
  <system-out/>
</testsuite> <!-- xpathAxises.Hyrtutorials_xpath_example2 -->
