<?xml version="1.0" encoding="UTF-8"?>
<!-- Generated by org.testng.reporters.JUnitReportReporter -->
<testsuite hostname="IBM-8D1LRM3" failures="0" tests="1" name="javascriptExample.MyntraExample" time="0.063" errors="0" timestamp="2022-10-26T11:06:04 IST" skipped="0">
  <testcase classname="javascriptExample.MyntraExample" name="verifyReturnPolicy" time="0.063"/>
  <system-out/>
</testsuite> <!-- javascriptExample.MyntraExample -->
