<?xml version="1.0" encoding="UTF-8"?>
<!-- Generated by org.testng.reporters.JUnitReportReporter -->
<testsuite hostname="IBM-8D1LRM3" failures="0" tests="2" name="actionExample.RightClickTest" time="3.541" errors="0" timestamp="2022-10-26T11:19:29 IST" skipped="0">
  <testcase classname="actionExample.RightClickTest" name="verifyDeleteFeature" time="2.301"/>
  <system-out/>
  <testcase classname="actionExample.RightClickTest" name="verifyDoubleClickFeature" time="1.240"/>
  <system-out/>
</testsuite> <!-- actionExample.RightClickTest -->
