<?xml version="1.0" encoding="UTF-8"?>
<!-- Generated by org.testng.reporters.JUnitReportReporter -->
<testsuite hostname="IBM-8D1LRM3" failures="0" tests="4" name="testNGExamples.HRMLoginTest_Priority" time="0.012" errors="0" timestamp="2022-10-25T09:30:30 IST" skipped="0">
  <testcase classname="testNGExamples.HRMLoginTest_Priority" name="verifyLogin" time="0.007"/>
  <system-out/>
  <testcase classname="testNGExamples.HRMLoginTest_Priority" name="verifyAddItems" time="0.001"/>
  <system-out/>
  <testcase classname="testNGExamples.HRMLoginTest_Priority" name="verifyPayment" time="0.002"/>
  <system-out/>
  <testcase classname="testNGExamples.HRMLoginTest_Priority" name="verifyLogout" time="0.002"/>
  <system-out/>
</testsuite> <!-- testNGExamples.HRMLoginTest_Priority -->
