<?xml version="1.0" encoding="UTF-8"?>
<!-- Generated by org.testng.reporters.JUnitReportReporter -->
<testsuite hostname="IBM-8D1LRM3" failures="0" tests="1" name="handleFrame.AmazonTest1" time="30.631" errors="0" timestamp="2022-10-25T17:18:50 IST" skipped="0">
  <testcase classname="handleFrame.AmazonTest1" name="verifySearchTest" time="30.631"/>
  <system-out/>
</testsuite> <!-- handleFrame.AmazonTest1 -->
