<?xml version="1.0" encoding="UTF-8"?>
<!-- Generated by org.testng.reporters.JUnitReportReporter -->
<testsuite hostname="IBM-8D1LRM3" failures="0" tests="1" name="handleFrame.HandleWatchVideo_PayTM" time="19.184" errors="0" timestamp="2022-10-25T10:42:45 IST" skipped="0">
  <testcase classname="handleFrame.HandleWatchVideo_PayTM" name="verifyDropdownMult" time="19.184"/>
  <system-out/>
</testsuite> <!-- handleFrame.HandleWatchVideo_PayTM -->
