<?xml version="1.0" encoding="UTF-8"?>
<!-- Generated by org.testng.reporters.JUnitReportReporter -->
<testsuite hostname="IBM-8D1LRM3" failures="0" tests="1" name="javascriptExample.HRMAppLogin" time="0.634" errors="0" timestamp="2022-10-26T11:03:44 IST" skipped="0">
  <testcase classname="javascriptExample.HRMAppLogin" name="verifySearchFeature" time="0.634"/>
  <system-out/>
</testsuite> <!-- javascriptExample.HRMAppLogin -->
