<?xml version="1.0" encoding="UTF-8"?>
<!-- Generated by org.testng.reporters.JUnitReportReporter -->
<testsuite hostname="IBM-8D1LRM3" failures="0" tests="3" name="tests.LoginTest" time="10.600" errors="0" timestamp="2022-10-31T10:12:41 IST" skipped="0">
  <testcase classname="tests.LoginTest" name="verifyLoginWithValidDetails" time="4.247"/>
  <system-out/>
  <testcase classname="tests.LoginTest" name="verifyAppTitle" time="5.013"/>
  <system-out/>
  <testcase classname="tests.LoginTest" name="verifyLogout" time="1.340"/>
  <system-out/>
</testsuite> <!-- tests.LoginTest -->
