<?xml version="1.0" encoding="UTF-8"?>
<!-- Generated by org.testng.reporters.JUnitReportReporter -->
<testsuite hostname="IBM-8D1LRM3" failures="0" tests="3" name="tests.LoginTest" time="10.036" errors="0" timestamp="2022-11-03T00:23:25 IST" skipped="0">
  <testcase classname="tests.LoginTest" name="verifyLoginWithValidDetails" time="3.701"/>
  <system-out/>
  <testcase classname="tests.LoginTest" name="verifyAppTitle" time="5.020"/>
  <system-out/>
  <testcase classname="tests.LoginTest" name="verifyLogout" time="1.315"/>
  <system-out/>
</testsuite> <!-- tests.LoginTest -->
