<?xml version="1.0" encoding="UTF-8"?>
<!-- Generated by org.testng.reporters.JUnitReportReporter -->
<testsuite hostname="IBM-8D1LRM3" failures="0" tests="3" name="logExample.NOPCommLogin" time="4.376" errors="0" timestamp="2022-11-02T23:30:40 IST" skipped="0">
  <testcase classname="logExample.NOPCommLogin" name="verifyLogin" time="3.025"/>
  <system-out/>
  <testcase classname="logExample.NOPCommLogin" name="verifyAppTitle" time="0.010"/>
  <system-out/>
  <testcase classname="logExample.NOPCommLogin" name="Logout" time="1.341"/>
  <system-out/>
</testsuite> <!-- logExample.NOPCommLogin -->
